2019-06-04 22:01:03,776 [1] INFO mintymods.MSM - MSM starting...
2019-06-04 22:01:03,805 [1] WARN mintymods.MSM - Invalid command line specified : System.String[]
2019-06-04 22:01:03,903 [1] ERROR mintymods.MSM - mintymods.MsmException: Invalid JSON Request Argument
2019-06-04 22:01:09,221 [1] INFO mintymods.MSM - MSM starting...
2019-06-04 22:01:09,233 [1] DEBUG mintymods.MsmMonitorRequest - JSON:{}
2019-06-04 22:01:09,286 [1] DEBUG mintymods.MsmMonitorRequest - DATA:-mintymods.MsmMonitorRequestData
2019-06-04 22:01:09,286 [1] INFO mintymods.MsmMonitorRequest - TYPE:-MsmMonitorRequestData
2019-06-04 22:01:09,287 [1] INFO mintymods.MsmMonitorRequest - DEBUG:-False
2019-06-04 22:01:09,288 [1] ERROR mintymods.MsmMonitorRequest - HELP:-False
2019-06-04 22:01:09,291 [1] DEBUG mintymods.HWiNFOWrapper - @SensorElement.dwSensorID#4026532609
2019-06-04 22:01:09,291 [1] DEBUG mintymods.HWiNFOWrapper - @SensorElement.dwSensorInst#0
2019-06-04 22:01:09,291 [1] DEBUG mintymods.HWiNFOWrapper - @SensorElement.szSensorNameOrig#System: GIGABYTE Z270X-Gaming 7
2019-06-04 22:01:09,291 [1] DEBUG mintymods.HWiNFOWrapper - @SensorElement.szSensorNameUser#System: GIGABYTE Z270X-Gaming 7
2019-06-04 22:01:09,292 [1] DEBUG mintymods.HWiNFOWrapper - @SensorElement.dwSensorID#4026532608
2019-06-04 22:01:09,292 [1] DEBUG mintymods.HWiNFOWrapper - @SensorElement.dwSensorInst#0
2019-06-04 22:01:09,292 [1] DEBUG mintymods.HWiNFOWrapper - @SensorElement.szSensorNameOrig#CPU [#0]: Intel Core i7-7700K
2019-06-04 22:01:09,292 [1] DEBUG mintymods.HWiNFOWrapper - @SensorElement.szSensorNameUser#CPU [#0]: Intel Core i7-7700K
2019-06-04 22:01:09,292 [1] DEBUG mintymods.HWiNFOWrapper - @SensorElement.dwSensorID#4026532864
2019-06-04 22:01:09,293 [1] DEBUG mintymods.HWiNFOWrapper - @SensorElement.dwSensorInst#0
2019-06-04 22:01:09,293 [1] DEBUG mintymods.HWiNFOWrapper - @SensorElement.szSensorNameOrig#CPU [#0]: Intel Core i7-7700K: DTS
2019-06-04 22:01:09,293 [1] DEBUG mintymods.HWiNFOWrapper - @SensorElement.szSensorNameUser#CPU [#0]: Intel Core i7-7700K: DTS
2019-06-04 22:01:09,293 [1] DEBUG mintymods.HWiNFOWrapper - @SensorElement.dwSensorID#4026542592
2019-06-04 22:01:09,294 [1] DEBUG mintymods.HWiNFOWrapper - @SensorElement.dwSensorInst#0
2019-06-04 22:01:09,294 [1] DEBUG mintymods.HWiNFOWrapper - @SensorElement.szSensorNameOrig#CPU [#0]: Intel Core i7-7700K: Enhanced
2019-06-04 22:01:09,294 [1] DEBUG mintymods.HWiNFOWrapper - @SensorElement.szSensorNameUser#CPU [#0]: Intel Core i7-7700K: Enhanced
2019-06-04 22:01:09,294 [1] DEBUG mintymods.HWiNFOWrapper - @SensorElement.dwSensorID#4026532610
2019-06-04 22:01:09,294 [1] DEBUG mintymods.HWiNFOWrapper - @SensorElement.dwSensorInst#0
2019-06-04 22:01:09,295 [1] DEBUG mintymods.HWiNFOWrapper - @SensorElement.szSensorNameOrig#CPU [#0]: Intel Core i7-7700K: C-State Residency
2019-06-04 22:01:09,295 [1] DEBUG mintymods.HWiNFOWrapper - @SensorElement.szSensorNameUser#CPU [#0]: Intel Core i7-7700K: C-State Residency
2019-06-04 22:01:09,295 [1] DEBUG mintymods.HWiNFOWrapper - @SensorElement.dwSensorID#4026532609
2019-06-04 22:01:09,295 [1] DEBUG mintymods.HWiNFOWrapper - @SensorElement.dwSensorInst#1
2019-06-04 22:01:09,296 [1] DEBUG mintymods.HWiNFOWrapper - @SensorElement.szSensorNameOrig#Memory Timings
2019-06-04 22:01:09,298 [1] DEBUG mintymods.HWiNFOWrapper - @SensorElement.szSensorNameUser#Memory Timings
2019-06-04 22:01:09,298 [1] DEBUG mintymods.HWiNFOWrapper - @SensorElement.dwSensorID#4026534144
2019-06-04 22:01:09,299 [1] DEBUG mintymods.HWiNFOWrapper - @SensorElement.dwSensorInst#0
2019-06-04 22:01:09,299 [1] DEBUG mintymods.HWiNFOWrapper - @SensorElement.szSensorNameOrig#CPU [#0]: Intel Core i7-7700K: Performance Limit Reasons
2019-06-04 22:01:09,299 [1] DEBUG mintymods.HWiNFOWrapper - @SensorElement.szSensorNameUser#CPU [#0]: Intel Core i7-7700K: Performance Limit Reasons
2019-06-04 22:01:09,299 [1] DEBUG mintymods.HWiNFOWrapper - @SensorElement.dwSensorID#4026566278
2019-06-04 22:01:09,300 [1] DEBUG mintymods.HWiNFOWrapper - @SensorElement.dwSensorInst#0
2019-06-04 22:01:09,300 [1] DEBUG mintymods.HWiNFOWrapper - @SensorElement.szSensorNameOrig#GIGABYTE Z270X-Gaming 7 (ITE IT8686E)
2019-06-04 22:01:09,300 [1] DEBUG mintymods.HWiNFOWrapper - @SensorElement.szSensorNameUser#GIGABYTE Z270X-Gaming 7 (ITE IT8686E)
2019-06-04 22:01:09,300 [1] DEBUG mintymods.HWiNFOWrapper - @SensorElement.dwSensorID#4026566451
2019-06-04 22:01:09,301 [1] DEBUG mintymods.HWiNFOWrapper - @SensorElement.dwSensorInst#1
2019-06-04 22:01:09,301 [1] DEBUG mintymods.HWiNFOWrapper - @SensorElement.szSensorNameOrig#GIGABYTE Z270X-Gaming 7 (ITE IT8792E)
2019-06-04 22:01:09,301 [1] DEBUG mintymods.HWiNFOWrapper - @SensorElement.szSensorNameUser#GIGABYTE Z270X-Gaming 7 (ITE IT8792E)
2019-06-04 22:01:09,301 [1] DEBUG mintymods.HWiNFOWrapper - @SensorElement.dwSensorID#4076863490
2019-06-04 22:01:09,301 [1] DEBUG mintymods.HWiNFOWrapper - @SensorElement.dwSensorInst#0
2019-06-04 22:01:09,302 [1] DEBUG mintymods.HWiNFOWrapper - @SensorElement.szSensorNameOrig#DIMM Temperature Sensor
2019-06-04 22:01:09,302 [1] DEBUG mintymods.HWiNFOWrapper - @SensorElement.szSensorNameUser#DIMM Temperature Sensor
2019-06-04 22:01:09,302 [1] DEBUG mintymods.HWiNFOWrapper - @SensorElement.dwSensorID#4026532096
2019-06-04 22:01:09,302 [1] DEBUG mintymods.HWiNFOWrapper - @SensorElement.dwSensorInst#0
2019-06-04 22:01:09,303 [1] DEBUG mintymods.HWiNFOWrapper - @SensorElement.szSensorNameOrig#S.M.A.R.T.: OCZ-VERTEX460 (OCZ-8S8JCY65H2E6UHP9)
2019-06-04 22:01:09,303 [1] DEBUG mintymods.HWiNFOWrapper - @SensorElement.szSensorNameUser#S.M.A.R.T.: OCZ-VERTEX460 (OCZ-8S8JCY65H2E6UHP9)
2019-06-04 22:01:09,303 [1] DEBUG mintymods.HWiNFOWrapper - @SensorElement.dwSensorID#4026532096
2019-06-04 22:01:09,304 [1] DEBUG mintymods.HWiNFOWrapper - @SensorElement.dwSensorInst#1
2019-06-04 22:01:09,304 [1] DEBUG mintymods.HWiNFOWrapper - @SensorElement.szSensorNameOrig#S.M.A.R.T.: Samsung SSD 850 EVO 500GB (S21JNXAG819111Y)
2019-06-04 22:01:09,304 [1] DEBUG mintymods.HWiNFOWrapper - @SensorElement.szSensorNameUser#S.M.A.R.T.: Samsung SSD 850 EVO 500GB (S21JNXAG819111Y)
2019-06-04 22:01:09,304 [1] DEBUG mintymods.HWiNFOWrapper - @SensorElement.dwSensorID#4026532096
2019-06-04 22:01:09,305 [1] DEBUG mintymods.HWiNFOWrapper - @SensorElement.dwSensorInst#2
2019-06-04 22:01:09,305 [1] DEBUG mintymods.HWiNFOWrapper - @SensorElement.szSensorNameOrig#S.M.A.R.T.: Samsung SSD 960 EVO 250GB (S3ESNX0J517998V)
2019-06-04 22:01:09,305 [1] DEBUG mintymods.HWiNFOWrapper - @SensorElement.szSensorNameUser#S.M.A.R.T.: Samsung SSD 960 EVO 250GB (S3ESNX0J517998V)
2019-06-04 22:01:09,305 [1] DEBUG mintymods.HWiNFOWrapper - @SensorElement.dwSensorID#4026532096
2019-06-04 22:01:09,305 [1] DEBUG mintymods.HWiNFOWrapper - @SensorElement.dwSensorInst#3
2019-06-04 22:01:09,306 [1] DEBUG mintymods.HWiNFOWrapper - @SensorElement.szSensorNameOrig#S.M.A.R.T.: Samsung SSD 960 EVO 250GB (S3ESNX0J518212P)
2019-06-04 22:01:09,308 [1] DEBUG mintymods.HWiNFOWrapper - @SensorElement.szSensorNameUser#S.M.A.R.T.: Samsung SSD 960 EVO 250GB (S3ESNX0J518212P)
2019-06-04 22:01:09,309 [1] DEBUG mintymods.HWiNFOWrapper - @SensorElement.dwSensorID#4026532097
2019-06-04 22:01:09,309 [1] DEBUG mintymods.HWiNFOWrapper - @SensorElement.dwSensorInst#0
2019-06-04 22:01:09,309 [1] DEBUG mintymods.HWiNFOWrapper - @SensorElement.szSensorNameOrig#Drive: OCZ-VERTEX460 (OCZ-8S8JCY65H2E6UHP9)
2019-06-04 22:01:09,309 [1] DEBUG mintymods.HWiNFOWrapper - @SensorElement.szSensorNameUser#Drive: OCZ-VERTEX460 (OCZ-8S8JCY65H2E6UHP9)
2019-06-04 22:01:09,310 [1] DEBUG mintymods.HWiNFOWrapper - @SensorElement.dwSensorID#4026532097
2019-06-04 22:01:09,310 [1] DEBUG mintymods.HWiNFOWrapper - @SensorElement.dwSensorInst#1
2019-06-04 22:01:09,310 [1] DEBUG mintymods.HWiNFOWrapper - @SensorElement.szSensorNameOrig#Drive: Samsung SSD 850 EVO 500GB (S21JNXAG819111Y)
2019-06-04 22:01:09,310 [1] DEBUG mintymods.HWiNFOWrapper - @SensorElement.szSensorNameUser#Drive: Samsung SSD 850 EVO 500GB (S21JNXAG819111Y)
2019-06-04 22:01:09,311 [1] DEBUG mintymods.HWiNFOWrapper - @SensorElement.dwSensorID#4026532097
2019-06-04 22:01:09,311 [1] DEBUG mintymods.HWiNFOWrapper - @SensorElement.dwSensorInst#2
2019-06-04 22:01:09,311 [1] DEBUG mintymods.HWiNFOWrapper - @SensorElement.szSensorNameOrig#Drive: Intel Raid 0 Volume (Windows10)
2019-06-04 22:01:09,311 [1] DEBUG mintymods.HWiNFOWrapper - @SensorElement.szSensorNameUser#Drive: Intel Raid 0 Volume (Windows10)
2019-06-04 22:01:09,312 [1] DEBUG mintymods.HWiNFOWrapper - @SensorElement.dwSensorID#3758104576
2019-06-04 22:01:09,312 [1] DEBUG mintymods.HWiNFOWrapper - @SensorElement.dwSensorInst#0
2019-06-04 22:01:09,312 [1] DEBUG mintymods.HWiNFOWrapper - @SensorElement.szSensorNameOrig#GPU [#0]: NVIDIA GeForce RTX 2080 Ti: 
2019-06-04 22:01:09,312 [1] DEBUG mintymods.HWiNFOWrapper - @SensorElement.szSensorNameUser#GPU [#0]: NVIDIA GeForce RTX 2080 Ti: 
2019-06-04 22:01:09,312 [1] DEBUG mintymods.HWiNFOWrapper - @SensorElement.dwSensorID#4027535360
2019-06-04 22:01:09,313 [1] DEBUG mintymods.HWiNFOWrapper - @SensorElement.dwSensorInst#0
2019-06-04 22:01:09,313 [1] DEBUG mintymods.HWiNFOWrapper - @SensorElement.szSensorNameOrig#RTSS
2019-06-04 22:01:09,313 [1] DEBUG mintymods.HWiNFOWrapper - @SensorElement.szSensorNameUser#RTSS
2019-06-04 22:01:09,313 [1] DEBUG mintymods.HWiNFOWrapper - @SensorElement.dwSensorID#4026591744
2019-06-04 22:01:09,314 [1] DEBUG mintymods.HWiNFOWrapper - @SensorElement.dwSensorInst#0
2019-06-04 22:01:09,314 [1] DEBUG mintymods.HWiNFOWrapper - @SensorElement.szSensorNameOrig#Network: Intel Ethernet Connection I219-V
2019-06-04 22:01:09,314 [1] DEBUG mintymods.HWiNFOWrapper - @SensorElement.szSensorNameUser#Network: Intel Ethernet Connection I219-V
2019-06-04 22:01:09,314 [1] DEBUG mintymods.HWiNFOWrapper - @SensorElement.dwSensorID#4026591744
2019-06-04 22:01:09,315 [1] DEBUG mintymods.HWiNFOWrapper - @SensorElement.dwSensorInst#1
2019-06-04 22:01:09,316 [1] DEBUG mintymods.HWiNFOWrapper - @SensorElement.szSensorNameOrig#Network: Qualcomm/Atheros E2500 PCI-E Gigabit Ethernet Controller
2019-06-04 22:01:09,316 [1] DEBUG mintymods.HWiNFOWrapper - @SensorElement.szSensorNameUser#Network: Qualcomm/Atheros E2500 PCI-E Gigabit Ethernet Controller
2019-06-04 22:01:09,316 [1] DEBUG mintymods.HWiNFOWrapper - @SensorElement.dwSensorID#4026535584
2019-06-04 22:01:09,316 [1] DEBUG mintymods.HWiNFOWrapper - @SensorElement.dwSensorInst#0
2019-06-04 22:01:09,317 [1] DEBUG mintymods.HWiNFOWrapper - @SensorElement.szSensorNameOrig#Windows Hardware Errors (WHEA)
2019-06-04 22:01:09,319 [1] DEBUG mintymods.HWiNFOWrapper - @SensorElement.szSensorNameUser#Windows Hardware Errors (WHEA)
2019-06-04 22:02:18,821 [1] INFO mintymods.MSM - MSM starting...
2019-06-04 22:02:18,849 [1] WARN mintymods.MSM - Invalid command line specified : System.String[]
2019-06-04 22:02:18,949 [1] ERROR mintymods.MSM - mintymods.MsmException: Invalid JSON Request Argument
